Start testing: Apr 25 03:18 CEST
----------------------------------------------------------
1/96 Testing: asm-test-01
1/96 Test: asm-test-01
Command: "/home/cake/t-crest/patmos/simulator/build/src/paasm" "/home/cake/t-crest/patmos/simulator/tests/test01.s" "/home/cake/t-crest/patmos/simulator/build/tests/test01.bin"
Directory: /home/cake/t-crest/patmos/simulator/build/tests
"asm-test-01" start time: Apr 25 03:18 CEST
Output:
----------------------------------------------------------
Emitted: 28 bytes
Errors : 0
<end of output>
Test time =   0.00 sec
----------------------------------------------------------
Test Pass Reason:
Required regular expression found.Regex=[Emitted: 28 bytes
Errors : 0
]
"asm-test-01" end time: Apr 25 03:18 CEST
"asm-test-01" time elapsed: 00:00:00
----------------------------------------------------------

2/96 Testing: asm-test-02
2/96 Test: asm-test-02
Command: "/home/cake/t-crest/patmos/simulator/build/src/paasm" "/home/cake/t-crest/patmos/simulator/tests/test02.s" "/home/cake/t-crest/patmos/simulator/build/tests/test02.bin"
Directory: /home/cake/t-crest/patmos/simulator/build/tests
"asm-test-02" start time: Apr 25 03:18 CEST
Output:
----------------------------------------------------------
Emitted: 28 bytes
Errors : 0
<end of output>
Test time =   0.00 sec
----------------------------------------------------------
Test Pass Reason:
Required regular expression found.Regex=[Emitted: 28 bytes
Errors : 0
]
"asm-test-02" end time: Apr 25 03:18 CEST
"asm-test-02" time elapsed: 00:00:00
----------------------------------------------------------

3/96 Testing: asm-test-03
3/96 Test: asm-test-03
Command: "/home/cake/t-crest/patmos/simulator/build/src/paasm" "/home/cake/t-crest/patmos/simulator/tests/test03.s" "/home/cake/t-crest/patmos/simulator/build/tests/test03.bin"
Directory: /home/cake/t-crest/patmos/simulator/build/tests
"asm-test-03" start time: Apr 25 03:18 CEST
Output:
----------------------------------------------------------
Emitted: 36 bytes
Errors : 0
<end of output>
Test time =   0.00 sec
----------------------------------------------------------
Test Pass Reason:
Required regular expression found.Regex=[Emitted: 36 bytes
Errors : 0
]
"asm-test-03" end time: Apr 25 03:18 CEST
"asm-test-03" time elapsed: 00:00:00
----------------------------------------------------------

4/96 Testing: asm-test-04
4/96 Test: asm-test-04
Command: "/home/cake/t-crest/patmos/simulator/build/src/paasm" "/home/cake/t-crest/patmos/simulator/tests/test04.s" "/home/cake/t-crest/patmos/simulator/build/tests/test04.bin"
Directory: /home/cake/t-crest/patmos/simulator/build/tests
"asm-test-04" start time: Apr 25 03:18 CEST
Output:
----------------------------------------------------------
Emitted: 28 bytes
Errors : 0
<end of output>
Test time =   0.00 sec
----------------------------------------------------------
Test Pass Reason:
Required regular expression found.Regex=[Emitted: 28 bytes
Errors : 0
]
"asm-test-04" end time: Apr 25 03:18 CEST
"asm-test-04" time elapsed: 00:00:00
----------------------------------------------------------

5/96 Testing: asm-test-05
5/96 Test: asm-test-05
Command: "/home/cake/t-crest/patmos/simulator/build/src/paasm" "/home/cake/t-crest/patmos/simulator/tests/test05.s" "/home/cake/t-crest/patmos/simulator/build/tests/test05.bin"
Directory: /home/cake/t-crest/patmos/simulator/build/tests
"asm-test-05" start time: Apr 25 03:18 CEST
Output:
----------------------------------------------------------
Emitted: 44 bytes
Errors : 0
<end of output>
Test time =   0.00 sec
----------------------------------------------------------
Test Pass Reason:
Required regular expression found.Regex=[Emitted: 44 bytes
Errors : 0
]
"asm-test-05" end time: Apr 25 03:18 CEST
"asm-test-05" time elapsed: 00:00:00
----------------------------------------------------------

6/96 Testing: asm-test-06
6/96 Test: asm-test-06
Command: "/home/cake/t-crest/patmos/simulator/build/src/paasm" "/home/cake/t-crest/patmos/simulator/tests/test06.s" "/home/cake/t-crest/patmos/simulator/build/tests/test06.bin"
Directory: /home/cake/t-crest/patmos/simulator/build/tests
"asm-test-06" start time: Apr 25 03:18 CEST
Output:
----------------------------------------------------------
Emitted: 48 bytes
Errors : 0
<end of output>
Test time =   0.00 sec
----------------------------------------------------------
Test Pass Reason:
Required regular expression found.Regex=[Emitted: 48 bytes
Errors : 0
]
"asm-test-06" end time: Apr 25 03:18 CEST
"asm-test-06" time elapsed: 00:00:00
----------------------------------------------------------

7/96 Testing: asm-test-07
7/96 Test: asm-test-07
Command: "/home/cake/t-crest/patmos/simulator/build/src/paasm" "/home/cake/t-crest/patmos/simulator/tests/test07.s" "/home/cake/t-crest/patmos/simulator/build/tests/test07.bin"
Directory: /home/cake/t-crest/patmos/simulator/build/tests
"asm-test-07" start time: Apr 25 03:18 CEST
Output:
----------------------------------------------------------
Emitted: 32 bytes
Errors : 0
<end of output>
Test time =   0.00 sec
----------------------------------------------------------
Test Pass Reason:
Required regular expression found.Regex=[Emitted: 32 bytes
Errors : 0
]
"asm-test-07" end time: Apr 25 03:18 CEST
"asm-test-07" time elapsed: 00:00:00
----------------------------------------------------------

8/96 Testing: asm-test-08
8/96 Test: asm-test-08
Command: "/home/cake/t-crest/patmos/simulator/build/src/paasm" "/home/cake/t-crest/patmos/simulator/tests/test08.s" "/home/cake/t-crest/patmos/simulator/build/tests/test08.bin"
Directory: /home/cake/t-crest/patmos/simulator/build/tests
"asm-test-08" start time: Apr 25 03:18 CEST
Output:
----------------------------------------------------------
Emitted: 44 bytes
Errors : 0
<end of output>
Test time =   0.00 sec
----------------------------------------------------------
Test Pass Reason:
Required regular expression found.Regex=[Emitted: 44 bytes
Errors : 0
]
"asm-test-08" end time: Apr 25 03:18 CEST
"asm-test-08" time elapsed: 00:00:00
----------------------------------------------------------

9/96 Testing: asm-test-09
9/96 Test: asm-test-09
Command: "/home/cake/t-crest/patmos/simulator/build/src/paasm" "/home/cake/t-crest/patmos/simulator/tests/test09.s" "/home/cake/t-crest/patmos/simulator/build/tests/test09.bin"
Directory: /home/cake/t-crest/patmos/simulator/build/tests
"asm-test-09" start time: Apr 25 03:18 CEST
Output:
----------------------------------------------------------
Emitted: 40 bytes
Errors : 0
<end of output>
Test time =   0.00 sec
----------------------------------------------------------
Test Pass Reason:
Required regular expression found.Regex=[Emitted: 40 bytes
Errors : 0
]
"asm-test-09" end time: Apr 25 03:18 CEST
"asm-test-09" time elapsed: 00:00:00
----------------------------------------------------------

10/96 Testing: asm-test-10
10/96 Test: asm-test-10
Command: "/home/cake/t-crest/patmos/simulator/build/src/paasm" "/home/cake/t-crest/patmos/simulator/tests/test10.s" "/home/cake/t-crest/patmos/simulator/build/tests/test10.bin"
Directory: /home/cake/t-crest/patmos/simulator/build/tests
"asm-test-10" start time: Apr 25 03:18 CEST
Output:
----------------------------------------------------------
Emitted: 60 bytes
Errors : 0
<end of output>
Test time =   0.00 sec
----------------------------------------------------------
Test Pass Reason:
Required regular expression found.Regex=[Emitted: 60 bytes
Errors : 0
]
"asm-test-10" end time: Apr 25 03:18 CEST
"asm-test-10" time elapsed: 00:00:00
----------------------------------------------------------

11/96 Testing: asm-test-11a
11/96 Test: asm-test-11a
Command: "/home/cake/t-crest/patmos/simulator/build/src/paasm" "/home/cake/t-crest/patmos/simulator/tests/test11a.s" "/home/cake/t-crest/patmos/simulator/build/tests/test11a.bin"
Directory: /home/cake/t-crest/patmos/simulator/build/tests
"asm-test-11a" start time: Apr 25 03:18 CEST
Output:
----------------------------------------------------------
Emitted: 64 bytes
Errors : 0
<end of output>
Test time =   0.00 sec
----------------------------------------------------------
Test Pass Reason:
Required regular expression found.Regex=[Emitted: 64 bytes
Errors : 0
]
"asm-test-11a" end time: Apr 25 03:18 CEST
"asm-test-11a" time elapsed: 00:00:00
----------------------------------------------------------

12/96 Testing: asm-test-11b
12/96 Test: asm-test-11b
Command: "/home/cake/t-crest/patmos/simulator/build/src/paasm" "/home/cake/t-crest/patmos/simulator/tests/test11b.s" "/home/cake/t-crest/patmos/simulator/build/tests/test11b.bin"
Directory: /home/cake/t-crest/patmos/simulator/build/tests
"asm-test-11b" start time: Apr 25 03:18 CEST
Output:
----------------------------------------------------------
Emitted: 68 bytes
Errors : 0
<end of output>
Test time =   0.00 sec
----------------------------------------------------------
Test Pass Reason:
Required regular expression found.Regex=[Emitted: 68 bytes
Errors : 0
]
"asm-test-11b" end time: Apr 25 03:18 CEST
"asm-test-11b" time elapsed: 00:00:00
----------------------------------------------------------

13/96 Testing: asm-test-12
13/96 Test: asm-test-12
Command: "/home/cake/t-crest/patmos/simulator/build/src/paasm" "/home/cake/t-crest/patmos/simulator/tests/test12.s" "/home/cake/t-crest/patmos/simulator/build/tests/test12.bin"
Directory: /home/cake/t-crest/patmos/simulator/build/tests
"asm-test-12" start time: Apr 25 03:18 CEST
Output:
----------------------------------------------------------
Emitted: 80 bytes
Errors : 0
<end of output>
Test time =   0.00 sec
----------------------------------------------------------
Test Pass Reason:
Required regular expression found.Regex=[Emitted: 80 bytes
Errors : 0
]
"asm-test-12" end time: Apr 25 03:18 CEST
"asm-test-12" time elapsed: 00:00:00
----------------------------------------------------------

14/96 Testing: asm-test-13
14/96 Test: asm-test-13
Command: "/home/cake/t-crest/patmos/simulator/build/src/paasm" "/home/cake/t-crest/patmos/simulator/tests/test13.s" "/home/cake/t-crest/patmos/simulator/build/tests/test13.bin"
Directory: /home/cake/t-crest/patmos/simulator/build/tests
"asm-test-13" start time: Apr 25 03:18 CEST
Output:
----------------------------------------------------------
Emitted: 92 bytes
Errors : 0
<end of output>
Test time =   0.00 sec
----------------------------------------------------------
Test Pass Reason:
Required regular expression found.Regex=[Emitted: 92 bytes
Errors : 0
]
"asm-test-13" end time: Apr 25 03:18 CEST
"asm-test-13" time elapsed: 00:00:00
----------------------------------------------------------

15/96 Testing: asm-test-14
15/96 Test: asm-test-14
Command: "/home/cake/t-crest/patmos/simulator/build/src/paasm" "/home/cake/t-crest/patmos/simulator/tests/test14.s" "/home/cake/t-crest/patmos/simulator/build/tests/test14.bin"
Directory: /home/cake/t-crest/patmos/simulator/build/tests
"asm-test-14" start time: Apr 25 03:18 CEST
Output:
----------------------------------------------------------
Emitted: 76 bytes
Errors : 0
<end of output>
Test time =   0.00 sec
----------------------------------------------------------
Test Pass Reason:
Required regular expression found.Regex=[Emitted: 76 bytes
Errors : 0
]
"asm-test-14" end time: Apr 25 03:18 CEST
"asm-test-14" time elapsed: 00:00:00
----------------------------------------------------------

16/96 Testing: asm-test-15
16/96 Test: asm-test-15
Command: "/home/cake/t-crest/patmos/simulator/build/src/paasm" "/home/cake/t-crest/patmos/simulator/tests/test15.s" "/home/cake/t-crest/patmos/simulator/build/tests/test15.bin"
Directory: /home/cake/t-crest/patmos/simulator/build/tests
"asm-test-15" start time: Apr 25 03:18 CEST
Output:
----------------------------------------------------------
Emitted: 28 bytes
Errors : 0
<end of output>
Test time =   0.00 sec
----------------------------------------------------------
Test Pass Reason:
Required regular expression found.Regex=[Emitted: 28 bytes
Errors : 0
]
"asm-test-15" end time: Apr 25 03:18 CEST
"asm-test-15" time elapsed: 00:00:00
----------------------------------------------------------

17/96 Testing: asm-test-16
17/96 Test: asm-test-16
Command: "/home/cake/t-crest/patmos/simulator/build/src/paasm" "/home/cake/t-crest/patmos/simulator/tests/test16.s" "/home/cake/t-crest/patmos/simulator/build/tests/test16.bin"
Directory: /home/cake/t-crest/patmos/simulator/build/tests
"asm-test-16" start time: Apr 25 03:18 CEST
Output:
----------------------------------------------------------
Emitted: 40 bytes
Errors : 0
<end of output>
Test time =   0.00 sec
----------------------------------------------------------
Test Pass Reason:
Required regular expression found.Regex=[Emitted: 40 bytes
Errors : 0
]
"asm-test-16" end time: Apr 25 03:18 CEST
"asm-test-16" time elapsed: 00:00:00
----------------------------------------------------------

18/96 Testing: asm-test-17
18/96 Test: asm-test-17
Command: "/home/cake/t-crest/patmos/simulator/build/src/paasm" "/home/cake/t-crest/patmos/simulator/tests/test17.s" "/home/cake/t-crest/patmos/simulator/build/tests/test17.bin"
Directory: /home/cake/t-crest/patmos/simulator/build/tests
"asm-test-17" start time: Apr 25 03:18 CEST
Output:
----------------------------------------------------------
Emitted: 44 bytes
Errors : 0
<end of output>
Test time =   0.00 sec
----------------------------------------------------------
Test Pass Reason:
Required regular expression found.Regex=[Emitted: 44 bytes
Errors : 0
]
"asm-test-17" end time: Apr 25 03:18 CEST
"asm-test-17" time elapsed: 00:00:00
----------------------------------------------------------

19/96 Testing: asm-test-18
19/96 Test: asm-test-18
Command: "/home/cake/t-crest/patmos/simulator/build/src/paasm" "/home/cake/t-crest/patmos/simulator/tests/test18.s" "/home/cake/t-crest/patmos/simulator/build/tests/test18.bin"
Directory: /home/cake/t-crest/patmos/simulator/build/tests
"asm-test-18" start time: Apr 25 03:18 CEST
Output:
----------------------------------------------------------
Emitted: 28 bytes
Errors : 0
<end of output>
Test time =   0.00 sec
----------------------------------------------------------
Test Pass Reason:
Required regular expression found.Regex=[Emitted: 28 bytes
Errors : 0
]
"asm-test-18" end time: Apr 25 03:18 CEST
"asm-test-18" time elapsed: 00:00:00
----------------------------------------------------------

20/96 Testing: asm-test-19
20/96 Test: asm-test-19
Command: "/home/cake/t-crest/patmos/simulator/build/src/paasm" "/home/cake/t-crest/patmos/simulator/tests/test19.s" "/home/cake/t-crest/patmos/simulator/build/tests/test19.bin"
Directory: /home/cake/t-crest/patmos/simulator/build/tests
"asm-test-19" start time: Apr 25 03:18 CEST
Output:
----------------------------------------------------------
Emitted: 28 bytes
Errors : 0
<end of output>
Test time =   0.00 sec
----------------------------------------------------------
Test Pass Reason:
Required regular expression found.Regex=[Emitted: 28 bytes
Errors : 0
]
"asm-test-19" end time: Apr 25 03:18 CEST
"asm-test-19" time elapsed: 00:00:00
----------------------------------------------------------

21/96 Testing: asm-test-21
21/96 Test: asm-test-21
Command: "/home/cake/t-crest/patmos/simulator/build/src/paasm" "/home/cake/t-crest/patmos/simulator/tests/test21.s" "/home/cake/t-crest/patmos/simulator/build/tests/test21.bin"
Directory: /home/cake/t-crest/patmos/simulator/build/tests
"asm-test-21" start time: Apr 25 03:18 CEST
Output:
----------------------------------------------------------
Emitted: 92 bytes
Errors : 0
<end of output>
Test time =   0.00 sec
----------------------------------------------------------
Test Pass Reason:
Required regular expression found.Regex=[Emitted: 92 bytes
Errors : 0
]
"asm-test-21" end time: Apr 25 03:18 CEST
"asm-test-21" time elapsed: 00:00:00
----------------------------------------------------------

22/96 Testing: asm-test-22
22/96 Test: asm-test-22
Command: "/home/cake/t-crest/patmos/simulator/build/src/paasm" "/home/cake/t-crest/patmos/simulator/tests/test22.s" "/home/cake/t-crest/patmos/simulator/build/tests/test22.bin"
Directory: /home/cake/t-crest/patmos/simulator/build/tests
"asm-test-22" start time: Apr 25 03:18 CEST
Output:
----------------------------------------------------------
Emitted: 64 bytes
Errors : 0
<end of output>
Test time =   0.00 sec
----------------------------------------------------------
Test Pass Reason:
Required regular expression found.Regex=[Emitted: 64 bytes
Errors : 0
]
"asm-test-22" end time: Apr 25 03:18 CEST
"asm-test-22" time elapsed: 00:00:00
----------------------------------------------------------

23/96 Testing: asm-test-23
23/96 Test: asm-test-23
Command: "/home/cake/t-crest/patmos/simulator/build/src/paasm" "/home/cake/t-crest/patmos/simulator/tests/test23.s" "/home/cake/t-crest/patmos/simulator/build/tests/test23.bin"
Directory: /home/cake/t-crest/patmos/simulator/build/tests
"asm-test-23" start time: Apr 25 03:18 CEST
Output:
----------------------------------------------------------
Emitted: 68 bytes
Errors : 0
<end of output>
Test time =   0.00 sec
----------------------------------------------------------
Test Pass Reason:
Required regular expression found.Regex=[Emitted: 68 bytes
Errors : 0
]
"asm-test-23" end time: Apr 25 03:18 CEST
"asm-test-23" time elapsed: 00:00:00
----------------------------------------------------------

24/96 Testing: asm-test-25
24/96 Test: asm-test-25
Command: "/home/cake/t-crest/patmos/simulator/build/src/paasm" "/home/cake/t-crest/patmos/simulator/tests/test25.s" "/home/cake/t-crest/patmos/simulator/build/tests/test25.bin"
Directory: /home/cake/t-crest/patmos/simulator/build/tests
"asm-test-25" start time: Apr 25 03:18 CEST
Output:
----------------------------------------------------------
Emitted: 36 bytes
Errors : 0
<end of output>
Test time =   0.00 sec
----------------------------------------------------------
Test Pass Reason:
Required regular expression found.Regex=[Emitted: 36 bytes
Errors : 0
]
"asm-test-25" end time: Apr 25 03:18 CEST
"asm-test-25" time elapsed: 00:00:00
----------------------------------------------------------

25/96 Testing: asm-test-26
25/96 Test: asm-test-26
Command: "/home/cake/t-crest/patmos/simulator/build/src/paasm" "/home/cake/t-crest/patmos/simulator/tests/test26.s" "/home/cake/t-crest/patmos/simulator/build/tests/test26.bin"
Directory: /home/cake/t-crest/patmos/simulator/build/tests
"asm-test-26" start time: Apr 25 03:18 CEST
Output:
----------------------------------------------------------
Emitted: 24 bytes
Errors : 0
<end of output>
Test time =   0.00 sec
----------------------------------------------------------
Test Pass Reason:
Required regular expression found.Regex=[Emitted: 24 bytes
Errors : 0
]
"asm-test-26" end time: Apr 25 03:18 CEST
"asm-test-26" time elapsed: 00:00:00
----------------------------------------------------------

26/96 Testing: asm-test-27
26/96 Test: asm-test-27
Command: "/home/cake/t-crest/patmos/simulator/build/src/paasm" "/home/cake/t-crest/patmos/simulator/tests/test27.s" "/home/cake/t-crest/patmos/simulator/build/tests/test27.bin"
Directory: /home/cake/t-crest/patmos/simulator/build/tests
"asm-test-27" start time: Apr 25 03:18 CEST
Output:
----------------------------------------------------------
Emitted: 24 bytes
Errors : 0
<end of output>
Test time =   0.00 sec
----------------------------------------------------------
Test Pass Reason:
Required regular expression found.Regex=[Emitted: 24 bytes
Errors : 0
]
"asm-test-27" end time: Apr 25 03:18 CEST
"asm-test-27" time elapsed: 00:00:00
----------------------------------------------------------

27/96 Testing: asm-test-28
27/96 Test: asm-test-28
Command: "/home/cake/t-crest/patmos/simulator/build/src/paasm" "/home/cake/t-crest/patmos/simulator/tests/test28.s" "/home/cake/t-crest/patmos/simulator/build/tests/test28.bin"
Directory: /home/cake/t-crest/patmos/simulator/build/tests
"asm-test-28" start time: Apr 25 03:18 CEST
Output:
----------------------------------------------------------
Emitted: 80 bytes
Errors : 0
<end of output>
Test time =   0.00 sec
----------------------------------------------------------
Test Pass Reason:
Required regular expression found.Regex=[Emitted: 80 bytes
Errors : 0
]
"asm-test-28" end time: Apr 25 03:18 CEST
"asm-test-28" time elapsed: 00:00:00
----------------------------------------------------------

28/96 Testing: asm-test-29
28/96 Test: asm-test-29
Command: "/home/cake/t-crest/patmos/simulator/build/src/paasm" "/home/cake/t-crest/patmos/simulator/tests/test29.s" "/home/cake/t-crest/patmos/simulator/build/tests/test29.bin"
Directory: /home/cake/t-crest/patmos/simulator/build/tests
"asm-test-29" start time: Apr 25 03:18 CEST
Output:
----------------------------------------------------------
Emitted: 36 bytes
Errors : 0
<end of output>
Test time =   0.00 sec
----------------------------------------------------------
Test Pass Reason:
Required regular expression found.Regex=[Emitted: 36 bytes
Errors : 0
]
"asm-test-29" end time: Apr 25 03:18 CEST
"asm-test-29" time elapsed: 00:00:00
----------------------------------------------------------

29/96 Testing: asm-test-30
29/96 Test: asm-test-30
Command: "/home/cake/t-crest/patmos/simulator/build/src/paasm" "/home/cake/t-crest/patmos/simulator/tests/test30.s" "/home/cake/t-crest/patmos/simulator/build/tests/test30.bin"
Directory: /home/cake/t-crest/patmos/simulator/build/tests
"asm-test-30" start time: Apr 25 03:18 CEST
Output:
----------------------------------------------------------
Emitted: 28 bytes
Errors : 0
<end of output>
Test time =   0.00 sec
----------------------------------------------------------
Test Pass Reason:
Required regular expression found.Regex=[Emitted: 28 bytes
Errors : 0
]
"asm-test-30" end time: Apr 25 03:18 CEST
"asm-test-30" time elapsed: 00:00:00
----------------------------------------------------------

30/96 Testing: asm-test-31
30/96 Test: asm-test-31
Command: "/home/cake/t-crest/patmos/simulator/build/src/paasm" "/home/cake/t-crest/patmos/simulator/tests/test31.s" "/home/cake/t-crest/patmos/simulator/build/tests/test31.bin"
Directory: /home/cake/t-crest/patmos/simulator/build/tests
"asm-test-31" start time: Apr 25 03:18 CEST
Output:
----------------------------------------------------------
Emitted: 76 bytes
Errors : 0
<end of output>
Test time =   0.00 sec
----------------------------------------------------------
Test Pass Reason:
Required regular expression found.Regex=[Emitted: 76 bytes
Errors : 0
]
"asm-test-31" end time: Apr 25 03:18 CEST
"asm-test-31" time elapsed: 00:00:00
----------------------------------------------------------

31/96 Testing: asm-test-32
31/96 Test: asm-test-32
Command: "/home/cake/t-crest/patmos/simulator/build/src/paasm" "/home/cake/t-crest/patmos/simulator/tests/test32.s" "/home/cake/t-crest/patmos/simulator/build/tests/test32.bin"
Directory: /home/cake/t-crest/patmos/simulator/build/tests
"asm-test-32" start time: Apr 25 03:18 CEST
Output:
----------------------------------------------------------
Emitted: 72 bytes
Errors : 0
<end of output>
Test time =   0.00 sec
----------------------------------------------------------
Test Pass Reason:
Required regular expression found.Regex=[Emitted: 72 bytes
Errors : 0
]
"asm-test-32" end time: Apr 25 03:18 CEST
"asm-test-32" time elapsed: 00:00:00
----------------------------------------------------------

32/96 Testing: asm-test-33
32/96 Test: asm-test-33
Command: "/home/cake/t-crest/patmos/simulator/build/src/paasm" "/home/cake/t-crest/patmos/simulator/tests/test33.s" "/home/cake/t-crest/patmos/simulator/build/tests/test33.bin"
Directory: /home/cake/t-crest/patmos/simulator/build/tests
"asm-test-33" start time: Apr 25 03:18 CEST
Output:
----------------------------------------------------------
Emitted: 96 bytes
Errors : 0
<end of output>
Test time =   0.00 sec
----------------------------------------------------------
Test Pass Reason:
Required regular expression found.Regex=[Emitted: 96 bytes
Errors : 0
]
"asm-test-33" end time: Apr 25 03:18 CEST
"asm-test-33" time elapsed: 00:00:00
----------------------------------------------------------

33/96 Testing: asm-test-34
33/96 Test: asm-test-34
Command: "/home/cake/t-crest/patmos/simulator/build/src/paasm" "/home/cake/t-crest/patmos/simulator/tests/test34.s" "/home/cake/t-crest/patmos/simulator/build/tests/test34.bin"
Directory: /home/cake/t-crest/patmos/simulator/build/tests
"asm-test-34" start time: Apr 25 03:18 CEST
Output:
----------------------------------------------------------
Undefined Label: x
Emitted: 16 bytes
Errors : 0
<end of output>
Test time =   0.00 sec
----------------------------------------------------------
Test Pass Reason:
Required regular expression found.Regex=[Undefined Label: x
]
"asm-test-34" end time: Apr 25 03:18 CEST
"asm-test-34" time elapsed: 00:00:00
----------------------------------------------------------

34/96 Testing: asm-test-35
34/96 Test: asm-test-35
Command: "/home/cake/t-crest/patmos/simulator/build/src/paasm" "/home/cake/t-crest/patmos/simulator/tests/test35.s" "/home/cake/t-crest/patmos/simulator/build/tests/test35.bin"
Directory: /home/cake/t-crest/patmos/simulator/build/tests
"asm-test-35" start time: Apr 25 03:18 CEST
Output:
----------------------------------------------------------
Emitted: 48 bytes
Errors : 0
<end of output>
Test time =   0.00 sec
----------------------------------------------------------
Test Pass Reason:
Required regular expression found.Regex=[Emitted: 48 bytes
Errors : 0
]
"asm-test-35" end time: Apr 25 03:18 CEST
"asm-test-35" time elapsed: 00:00:00
----------------------------------------------------------

35/96 Testing: asm-test-36
35/96 Test: asm-test-36
Command: "/home/cake/t-crest/patmos/simulator/build/src/paasm" "/home/cake/t-crest/patmos/simulator/tests/test36.s" "/home/cake/t-crest/patmos/simulator/build/tests/test36.bin"
Directory: /home/cake/t-crest/patmos/simulator/build/tests
"asm-test-36" start time: Apr 25 03:18 CEST
Output:
----------------------------------------------------------
Emitted: 48 bytes
Errors : 0
<end of output>
Test time =   0.00 sec
----------------------------------------------------------
Test Pass Reason:
Required regular expression found.Regex=[Emitted: 48 bytes
Errors : 0
]
"asm-test-36" end time: Apr 25 03:18 CEST
"asm-test-36" time elapsed: 00:00:00
----------------------------------------------------------

36/96 Testing: asm-test-37
36/96 Test: asm-test-37
Command: "/home/cake/t-crest/patmos/simulator/build/src/paasm" "/home/cake/t-crest/patmos/simulator/tests/test37.s" "/home/cake/t-crest/patmos/simulator/build/tests/test37.bin"
Directory: /home/cake/t-crest/patmos/simulator/build/tests
"asm-test-37" start time: Apr 25 03:18 CEST
Output:
----------------------------------------------------------
Emitted: 96 bytes
Errors : 0
<end of output>
Test time =   0.00 sec
----------------------------------------------------------
Test Pass Reason:
Required regular expression found.Regex=[Emitted: 96 bytes
Errors : 0
]
"asm-test-37" end time: Apr 25 03:18 CEST
"asm-test-37" time elapsed: 00:00:00
----------------------------------------------------------

37/96 Testing: asm-test-38
37/96 Test: asm-test-38
Command: "/home/cake/t-crest/patmos/simulator/build/src/paasm" "/home/cake/t-crest/patmos/simulator/tests/test38.s" "/home/cake/t-crest/patmos/simulator/build/tests/test38.bin"
Directory: /home/cake/t-crest/patmos/simulator/build/tests
"asm-test-38" start time: Apr 25 03:18 CEST
Output:
----------------------------------------------------------
Emitted: 88 bytes
Errors : 0
<end of output>
Test time =   0.00 sec
----------------------------------------------------------
Test Pass Reason:
Required regular expression found.Regex=[Emitted: 88 bytes
Errors : 0
]
"asm-test-38" end time: Apr 25 03:18 CEST
"asm-test-38" time elapsed: 00:00:00
----------------------------------------------------------

38/96 Testing: asm-test-39
38/96 Test: asm-test-39
Command: "/home/cake/t-crest/patmos/simulator/build/src/paasm" "/home/cake/t-crest/patmos/simulator/tests/test39.s" "/home/cake/t-crest/patmos/simulator/build/tests/test39.bin"
Directory: /home/cake/t-crest/patmos/simulator/build/tests
"asm-test-39" start time: Apr 25 03:18 CEST
Output:
----------------------------------------------------------
Emitted: 68 bytes
Errors : 0
<end of output>
Test time =   0.00 sec
----------------------------------------------------------
Test Pass Reason:
Required regular expression found.Regex=[Emitted: 68 bytes
Errors : 0
]
"asm-test-39" end time: Apr 25 03:18 CEST
"asm-test-39" time elapsed: 00:00:00
----------------------------------------------------------

39/96 Testing: asm-test-40
39/96 Test: asm-test-40
Command: "/home/cake/t-crest/patmos/simulator/build/src/paasm" "/home/cake/t-crest/patmos/simulator/tests/test40.s" "/home/cake/t-crest/patmos/simulator/build/tests/test40.bin"
Directory: /home/cake/t-crest/patmos/simulator/build/tests
"asm-test-40" start time: Apr 25 03:18 CEST
Output:
----------------------------------------------------------
Emitted: 136 bytes
Errors : 0
<end of output>
Test time =   0.00 sec
----------------------------------------------------------
Test Pass Reason:
Required regular expression found.Regex=[Emitted: 136 bytes
Errors : 0
]
"asm-test-40" end time: Apr 25 03:18 CEST
"asm-test-40" time elapsed: 00:00:00
----------------------------------------------------------

40/96 Testing: asm-test-41
40/96 Test: asm-test-41
Command: "/home/cake/t-crest/patmos/simulator/build/src/paasm" "/home/cake/t-crest/patmos/simulator/tests/test41.s" "/home/cake/t-crest/patmos/simulator/build/tests/test41.bin"
Directory: /home/cake/t-crest/patmos/simulator/build/tests
"asm-test-41" start time: Apr 25 03:18 CEST
Output:
----------------------------------------------------------
Emitted: 76 bytes
Errors : 0
<end of output>
Test time =   0.00 sec
----------------------------------------------------------
Test Pass Reason:
Required regular expression found.Regex=[Emitted: 76 bytes
Errors : 0
]
"asm-test-41" end time: Apr 25 03:18 CEST
"asm-test-41" time elapsed: 00:00:00
----------------------------------------------------------

41/96 Testing: asm-test-42
41/96 Test: asm-test-42
Command: "/home/cake/t-crest/patmos/simulator/build/src/paasm" "/home/cake/t-crest/patmos/simulator/tests/test42.s" "/home/cake/t-crest/patmos/simulator/build/tests/test42.bin"
Directory: /home/cake/t-crest/patmos/simulator/build/tests
"asm-test-42" start time: Apr 25 03:18 CEST
Output:
----------------------------------------------------------
Emitted: 92 bytes
Errors : 0
<end of output>
Test time =   0.00 sec
----------------------------------------------------------
Test Pass Reason:
Required regular expression found.Regex=[Emitted: 92 bytes
Errors : 0
]
"asm-test-42" end time: Apr 25 03:18 CEST
"asm-test-42" time elapsed: 00:00:00
----------------------------------------------------------

42/96 Testing: asm-test-43
42/96 Test: asm-test-43
Command: "/home/cake/t-crest/patmos/simulator/build/src/paasm" "/home/cake/t-crest/patmos/simulator/tests/test43.s" "/home/cake/t-crest/patmos/simulator/build/tests/test43.bin"
Directory: /home/cake/t-crest/patmos/simulator/build/tests
"asm-test-43" start time: Apr 25 03:18 CEST
Output:
----------------------------------------------------------
Emitted: 40 bytes
Errors : 0
<end of output>
Test time =   0.00 sec
----------------------------------------------------------
Test Pass Reason:
Required regular expression found.Regex=[Emitted: 40 bytes
Errors : 0
]
"asm-test-43" end time: Apr 25 03:18 CEST
"asm-test-43" time elapsed: 00:00:00
----------------------------------------------------------

43/96 Testing: asm-test-44
43/96 Test: asm-test-44
Command: "/home/cake/t-crest/patmos/simulator/build/src/paasm" "/home/cake/t-crest/patmos/simulator/tests/test44.s" "/home/cake/t-crest/patmos/simulator/build/tests/test44.bin"
Directory: /home/cake/t-crest/patmos/simulator/build/tests
"asm-test-44" start time: Apr 25 03:18 CEST
Output:
----------------------------------------------------------
Emitted: 32 bytes
Errors : 0
<end of output>
Test time =   0.00 sec
----------------------------------------------------------
Test Pass Reason:
Required regular expression found.Regex=[Emitted: 32 bytes
Errors : 0
]
"asm-test-44" end time: Apr 25 03:18 CEST
"asm-test-44" time elapsed: 00:00:00
----------------------------------------------------------

44/96 Testing: asm-test-45
44/96 Test: asm-test-45
Command: "/home/cake/t-crest/patmos/simulator/build/src/paasm" "/home/cake/t-crest/patmos/simulator/tests/test45.s" "/home/cake/t-crest/patmos/simulator/build/tests/test45.bin"
Directory: /home/cake/t-crest/patmos/simulator/build/tests
"asm-test-45" start time: Apr 25 03:18 CEST
Output:
----------------------------------------------------------
Emitted: 100 bytes
Errors : 0
<end of output>
Test time =   0.00 sec
----------------------------------------------------------
Test Pass Reason:
Required regular expression found.Regex=[Emitted: 100 bytes
Errors : 0
]
"asm-test-45" end time: Apr 25 03:18 CEST
"asm-test-45" time elapsed: 00:00:00
----------------------------------------------------------

45/96 Testing: asm-test-48
45/96 Test: asm-test-48
Command: "/home/cake/t-crest/patmos/simulator/build/src/paasm" "/home/cake/t-crest/patmos/simulator/tests/test48.s" "/home/cake/t-crest/patmos/simulator/build/tests/test48.bin"
Directory: /home/cake/t-crest/patmos/simulator/build/tests
"asm-test-48" start time: Apr 25 03:18 CEST
Output:
----------------------------------------------------------
Emitted: 92 bytes
Errors : 0
<end of output>
Test time =   0.00 sec
----------------------------------------------------------
Test Pass Reason:
Required regular expression found.Regex=[Emitted: 92 bytes
Errors : 0
]
"asm-test-48" end time: Apr 25 03:18 CEST
"asm-test-48" time elapsed: 00:00:00
----------------------------------------------------------

46/96 Testing: asm-test-49
46/96 Test: asm-test-49
Command: "/home/cake/t-crest/patmos/simulator/build/src/paasm" "/home/cake/t-crest/patmos/simulator/tests/test49.s" "/home/cake/t-crest/patmos/simulator/build/tests/test49.bin"
Directory: /home/cake/t-crest/patmos/simulator/build/tests
"asm-test-49" start time: Apr 25 03:18 CEST
Output:
----------------------------------------------------------
Emitted: 232 bytes
Errors : 0
<end of output>
Test time =   0.00 sec
----------------------------------------------------------
Test Pass Reason:
Required regular expression found.Regex=[Emitted: 232 bytes
Errors : 0
]
"asm-test-49" end time: Apr 25 03:18 CEST
"asm-test-49" time elapsed: 00:00:00
----------------------------------------------------------

47/96 Testing: asm-test-50
47/96 Test: asm-test-50
Command: "/home/cake/t-crest/patmos/simulator/build/src/paasm" "/home/cake/t-crest/patmos/simulator/tests/test50.s" "/home/cake/t-crest/patmos/simulator/build/tests/test50.bin"
Directory: /home/cake/t-crest/patmos/simulator/build/tests
"asm-test-50" start time: Apr 25 03:18 CEST
Output:
----------------------------------------------------------
Emitted: 216 bytes
Errors : 0
<end of output>
Test time =   0.00 sec
----------------------------------------------------------
Test Pass Reason:
Required regular expression found.Regex=[Emitted: 216 bytes
Errors : 0
]
"asm-test-50" end time: Apr 25 03:18 CEST
"asm-test-50" time elapsed: 00:00:00
----------------------------------------------------------

48/96 Testing: asm-test-51
48/96 Test: asm-test-51
Command: "/home/cake/t-crest/patmos/simulator/build/src/paasm" "/home/cake/t-crest/patmos/simulator/tests/test51.s" "/home/cake/t-crest/patmos/simulator/build/tests/test51.bin"
Directory: /home/cake/t-crest/patmos/simulator/build/tests
"asm-test-51" start time: Apr 25 03:18 CEST
Output:
----------------------------------------------------------
Emitted: 72 bytes
Errors : 0
<end of output>
Test time =   0.00 sec
----------------------------------------------------------
Test Pass Reason:
Required regular expression found.Regex=[Emitted: 72 bytes
Errors : 0
]
"asm-test-51" end time: Apr 25 03:18 CEST
"asm-test-51" time elapsed: 00:00:00
----------------------------------------------------------

49/96 Testing: sim-test-01
49/96 Test: sim-test-01
Command: "/home/cake/t-crest/patmos/simulator/build/src/pasim" "-V" "--maxc" "40000" "-o" "-" "/home/cake/t-crest/patmos/simulator/build/tests/test01.bin"
Directory: /home/cake/t-crest/patmos/simulator/build/tests
"sim-test-01" start time: Apr 25 03:18 CEST
Output:
----------------------------------------------------------
Loaded: 28 bytes

Cyc : 9
 PRR: 00000001  BASE: 00000004   PC : 0000001c   
 r0 : 00000000   r1 : 00000005   r2 : 0000000a   r3 : 00000000   r4 : 00000000   r5 : 00000000   r6 : 00000000   r7 : 00000000
 r8 : 00000000   r9 : 00000000   r10: 00000000   r11: 00000000   r12: 00000000   r13: 00000000   r14: 00000000   r15: 00000000
 r16: 00000000   r17: 00000000   r18: 00000000   r19: 00000000   r20: 00000000   r21: 00000000   r22: 00000000   r23: 00000000
 r24: 00000000   r25: 00000000   r26: 00000000   r27: 00000000   r28: 00000000   r29: 00000000   r30: 00000000   r31: 00000000
 
 s0 : 00000001   s1 : 00000000   s2 : 00000000   s3 : 00000000   s4 : 00000000   s5 : 00000000   s6 : 00000000   s7 : 00000000
 s8 : 00000000   s9 : 00000000   s10: 00000000   s11: 00000000   s12: 00000000   s13: 00000000   s14: 00000000   s15: 00000000
 


Instruction Statistics:
         operation:   #fetched   #retired #discarded   #fetched   #retired #discarded
              addi:          2          2          0          0          0          0	Inplace Imm4: 0, Load Imm4: 1, Inplace Imm5: 0, Load Imm5: 0, Short Load Imm: 0, Zero Imm: 0, Short Imm: 1
              subi:          3          3          0          0          0          0	NOPs: 3
              xori:          0          0          0          0          0          0	
               sli:          0          0          0          0          0          0	
               sri:          0          0          0          0          0          0	
              srai:          0          0          0          0          0          0	
               ori:          0          0          0          0          0          0	
              andi:          0          0          0          0          0          0	
              addl:          0          0          0          0          0          0	
              subl:          0          0          0          0          0          0	
              xorl:          0          0          0          0          0          0	
               sll:          0          0          0          0          0          0	
               srl:          0          0          0          0          0          0	
              sral:          0          0          0          0          0          0	
               orl:          0          0          0          0          0          0	
              andl:          0          0          0          0          0          0	
              norl:          0          0          0          0          0          0	
            shaddl:          0          0          0          0          0          0	
           shadd2l:          0          0          0          0          0          0	
               add:          0          0          0          0          0          0	
               sub:          0          0          0          0          0          0	
               xor:          0          0          0          0          0          0	
                sl:          0          0          0          0          0          0	
                sr:          0          0          0          0          0          0	
               sra:          0          0          0          0          0          0	
                or:          0          0          0          0          0          0	
               and:          0          0          0          0          0          0	
               nor:          0          0          0          0          0          0	
             shadd:          0          0          0          0          0          0	
            shadd2:          0          0          0          0          0          0	
               mul:          0          0          0          0          0          0	
              mulu:          0          0          0          0          0          0	
             cmpeq:          0          0          0          0          0          0	r0: 0, zero: 0, negimm: 0, short imm: 0, uimm: 0
            cmpneq:          0          0          0          0          0          0	r0: 0, zero: 0, negimm: 0, short imm: 0, uimm: 0
             cmplt:          0          0          0          0          0          0	r0: 0, zero: 0, negimm: 0, short imm: 0, uimm: 0
             cmple:          0          0          0          0          0          0	r0: 0, zero: 0, negimm: 0, short imm: 0, uimm: 0
            cmpult:          0          0          0          0          0          0	r0: 0, zero: 0, negimm: 0, short imm: 0, uimm: 0
            cmpule:          0          0          0          0          0          0	r0: 0, zero: 0, negimm: 0, short imm: 0, uimm: 0
             btest:          0          0          0          0          0          0	r0: 0, zero: 0, negimm: 0, short imm: 0, uimm: 0
            cmpieq:          0          0          0          0          0          0	r0: 0, zero: 0, negimm: 0, short imm: 0, uimm: 0
           cmpineq:          0          0          0          0          0          0	r0: 0, zero: 0, negimm: 0, short imm: 0, uimm: 0
            cmpilt:          0          0          0          0          0          0	r0: 0, zero: 0, negimm: 0, short imm: 0, uimm: 0
            cmpile:          0          0          0          0          0          0	r0: 0, zero: 0, negimm: 0, short imm: 0, uimm: 0
           cmpiult:          0          0          0          0          0          0	r0: 0, zero: 0, negimm: 0, short imm: 0, uimm: 0
           cmpiule:          0          0          0          0          0          0	r0: 0, zero: 0, negimm: 0, short imm: 0, uimm: 0
            btesti:          0          0          0          0          0          0	r0: 0, zero: 0, negimm: 0, short imm: 0, uimm: 0
               por:          0          0          0          0          0          0	
              pand:          0          0          0          0          0          0	
              pxor:          0          0          0          0          0          0	
             bcopy:          0          0          0          0          0          0	
               mts:          0          0          0          0          0          0	
               mfs:          0          0          0          0          0          0	s0: 0, s1: 0, s2: 0, s3: 0, s4: 0, s5: 0, s6: 0, s7: 0
               lws:          0          0          0          0          0          0	imm5: 0, inplace imm5: 0, zero: 0
               lwl:          0          0          0          0          0          0	imm5: 0, inplace imm5: 0, zero: 0
               lwc:          0          0          0          0          0          0	imm5: 0, inplace imm5: 0, zero: 0
               lwm:          0          0          0          0          0          0	imm5: 0, inplace imm5: 0, zero: 0
               lhs:          0          0          0          0          0          0	imm5: 0, inplace imm5: 0, zero: 0
               lhl:          0          0          0          0          0          0	imm5: 0, inplace imm5: 0, zero: 0
               lhc:          0          0          0          0          0          0	imm5: 0, inplace imm5: 0, zero: 0
               lhm:          0          0          0          0          0          0	imm5: 0, inplace imm5: 0, zero: 0
               lbs:          0          0          0          0          0          0	imm5: 0, inplace imm5: 0, zero: 0
               lbl:          0          0          0          0          0          0	imm5: 0, inplace imm5: 0, zero: 0
               lbc:          0          0          0          0          0          0	imm5: 0, inplace imm5: 0, zero: 0
               lbm:          0          0          0          0          0          0	imm5: 0, inplace imm5: 0, zero: 0
              lhus:          0          0          0          0          0          0	imm5: 0, inplace imm5: 0, zero: 0
              lhul:          0          0          0          0          0          0	imm5: 0, inplace imm5: 0, zero: 0
              lhuc:          0          0          0          0          0          0	imm5: 0, inplace imm5: 0, zero: 0
              lhum:          0          0          0          0          0          0	imm5: 0, inplace imm5: 0, zero: 0
              lbus:          0          0          0          0          0          0	imm5: 0, inplace imm5: 0, zero: 0
              lbul:          0          0          0          0          0          0	imm5: 0, inplace imm5: 0, zero: 0
              lbuc:          0          0          0          0          0          0	imm5: 0, inplace imm5: 0, zero: 0
              lbum:          0          0          0          0          0          0	imm5: 0, inplace imm5: 0, zero: 0
               sws:          0          0          0          0          0          0	imm5: 0, zero: 0
               swl:          0          0          0          0          0          0	imm5: 0, zero: 0
               swc:          0          0          0          0          0          0	imm5: 0, zero: 0
               swm:          0          0          0          0          0          0	imm5: 0, zero: 0
               shs:          0          0          0          0          0          0	imm5: 0, zero: 0
               shl:          0          0          0          0          0          0	imm5: 0, zero: 0
               shc:          0          0          0          0          0          0	imm5: 0, zero: 0
               shm:          0          0          0          0          0          0	imm5: 0, zero: 0
               sbs:          0          0          0          0          0          0	imm5: 0, zero: 0
               sbl:          0          0          0          0          0          0	imm5: 0, zero: 0
               sbc:          0          0          0          0          0          0	imm5: 0, zero: 0
               sbm:          0          0          0          0          0          0	imm5: 0, zero: 0
              sres:          0          0          0          0          0          0	imm8: 0
              sens:          0          0          0          0          0          0	imm8: 0
             sfree:          0          0          0          0          0          0	imm8: 0
            sspill:          0          0          0          0          0          0	imm8: 0
             sensr:          0          0          0          0          0          0	
           sspillr:          0          0          0          0          0          0	
            callnd:          0          0          0          0          0          0	
              brnd:          0          0          0          0          0          0	imm8 jump: 0
            brcfnd:          0          0          0          0          0          0	imm8 jump: 0
              trap:          0          0          0          0          0          0	
              call:          0          0          0          0          0          0	
                br:          0          0          0          0          0          0	imm8 jump: 0
              brcf:          1          1          0          0          0          0	imm8 jump: 1
             retnd:          0          0          0          0          0          0	
               ret:          0          0          0          0          0          0	
            xretnd:          0          0          0          0          0          0	
              xret:          0          0          0          0          0          0	
           callrnd:          0          0          0          0          0          0	
             brrnd:          0          0          0          0          0          0	
             callr:          0          0          0          0          0          0	
               brr:          0          0          0          0          0          0	
           brcfrnd:          0          0          0          0          0          0	
             brcfr:          0          0          0          0          0          0	
               all:          6          6          0          0          0          0
           bubbles:          -          3          -          -         18          -

Stall Cycles:
   IF: 0
   DR: 0
   EX: 0
   MW: 0

Cycles per Instruction (w/  NOPs):   1.5000
Cycles per Operation   (w/  NOPs):   1.5000
Cycles per Instruction (w/o NOPs):   3.0000
Cycles per Operation   (w/o NOPs):   3.0000

                   total     % cycles
Cycles:                9
Instructions:          3       33.33%
NOPs:                  3       33.33%
Stalls:                0        0.00%

                   total        % ops
Operations:            3       50.00%
NOPs:                  3       50.00%
Bundled:               0        0.00%
Discarded:             0        0.00%

                                  slot 0      slot 1
Slot utilization (w/ NOPs):      100.00%       0.00%

Instruction Cache Statistics:
                              total
   I-SPM calls/returns :          0

                              total        max.
   Blocks Allocated    :          0           0
   Bytes Transferred   :          0           0
   Bytes Allocated     :          0  4294967292
   Bytes Used          :          0
   Block Utilization   :       -nan%
   Int. Fragmentation  :       -nan%
   Bytes Freed         :          0           0
   Ext. Fragmentation  :       -nan%
   Max Methods in Cache:          1
   Cache Hits          :          0        -nan%
   Cache Misses        :          0        -nan%
   Cache Misses Returns:          0        -nan%
   Evictions Capacity  :          0        -nan%
   Evictions Tag       :          0        -nan%
   Transfer Ratio      :       -nan
   Miss Stall Cycles   :          0        0.00%

       Method:        #hits     #misses  methodsize      blocks    min-util    max-util


Data Cache Statistics:
   Bytes Transferred   :          0
   Transfer Ratio      :      0.000
   Miss Stall Cycles   :          0        0.00%

                           total        hit      miss    miss-rate     reuse
   Reads            :          0          0          0          0%
   Bytes Read       :          0          0          0          -       -nan
   Writes           :          0          0          0          0%
   Bytes Written    :          0          0          0          -       -nan


Stack Cache Statistics:
                              total        max.
   Blocks Spilled      :          0           0
   Blocks Filled       :          0           0
   Blocks Reserved     :          0           0
   Bytes Transferred   :          0           0
   Reads               :          0
   Bytes Read          :          0
   Writes              :          0
   Bytes Written       :          0
   Emptying Frees      :          0
   Transfer Ratio      :       -nan
   Miss Stall Cycles   :          0        0.00%


Main Memory Statistics:
                                total  % of cycles
   Max Queue Size        :          0
   Consecutive Transfers :          0
   Requests              :          0
   Bursts transferred    :          0
   Bytes transferred     :          0
   Stall Cycles          :          0       0.00%
   Hidden Write Cycles   :          0       0.00%

                                 Read                  Write
   Requests              :          0                      0
   Bytes Requested       :          0       -nan%          0       -nan%
   Bytes Transferred     :          0       -nan%          0       -nan%

Request size    #requests


Profiling information:

 Function
  #calls       min         max           avg      cycles (abs)  cycles (rel)
  0x4
                                                             9     100.0000%
     1           9           9           9.0                 9     100.0000%


Pasim options:
   --maxc=40000 --cpuid=0 --cores=1 --freq=80 --interrupt=1
   --mmbase=4026531840 --mmhigh=4294967295 --cpuinfo_offset=0 --excunit_offset=65536 --timer_offset=131072 --perfcounters_offset=393216 --uart_offset=524288 --led_offset=589824 --ethmac_offset=851968 --ethmac_ip_addr=
   --gsize=2097152 --gtime=21 --tdelay=0 --trefresh=0 --bsize=16 --psize=0 --posted=0
   --nocbase=3758096384 --noc_route_offset=16777216 --noc_st_offset=33554432 --noc_spm_offset=134217728 --nocsize=16777216
   --lsize=2048 --dckind=dm --dcsize=2048 --dlsize=0 --sckind=block --scsize=2048
   --icache=mcache --ickind=lru2 --ilsize=0 --mckind=fifo --mcsize=4096 --mbsize=8 --mcmethods=16

<end of output>
Test time =   0.00 sec
----------------------------------------------------------
Test Pass Reason:
Required regular expression found.Regex=[r1 : 00000005   r2 : 0000000a
]
"sim-test-01" end time: Apr 25 03:18 CEST
"sim-test-01" time elapsed: 00:00:00
----------------------------------------------------------

50/96 Testing: sim-test-02
50/96 Test: sim-test-02
Command: "/home/cake/t-crest/patmos/simulator/build/src/pasim" "-V" "--maxc" "40000" "-o" "-" "/home/cake/t-crest/patmos/simulator/build/tests/test02.bin"
Directory: /home/cake/t-crest/patmos/simulator/build/tests
"sim-test-02" start time: Apr 25 03:18 CEST
Output:
----------------------------------------------------------
Loaded: 28 bytes

Cyc : 8
 PRR: 00000001  BASE: 00000004   PC : 0000001c   
 r0 : 00000000   r1 : 00000005   r2 : 00000005   r3 : 00000000   r4 : 00000000   r5 : 00000000   r6 : 00000000   r7 : 00000000
 r8 : 00000000   r9 : 00000000   r10: 00000000   r11: 00000000   r12: 00000000   r13: 00000000   r14: 00000000   r15: 00000000
 r16: 00000000   r17: 00000000   r18: 00000000   r19: 00000000   r20: 00000000   r21: 00000000   r22: 00000000   r23: 00000000
 r24: 00000000   r25: 00000000   r26: 00000000   r27: 00000000   r28: 00000000   r29: 00000000   r30: 00000000   r31: 00000000
 
 s0 : 00000001   s1 : 00000000   s2 : 00000000   s3 : 00000000   s4 : 00000000   s5 : 00000000   s6 : 00000000   s7 : 00000000
 s8 : 00000000   s9 : 00000000   s10: 00000000   s11: 00000000   s12: 00000000   s13: 00000000   s14: 00000000   s15: 00000000
 


Instruction Statistics:
         operation:   #fetched   #retired #discarded   #fetched   #retired #discarded
              addi:          1          1          0          1          1          0	Inplace Imm4: 0, Load Imm4: 1, Inplace Imm5: 0, Load Imm5: 0, Short Load Imm: 0, Zero Imm: 0, Short Imm: 1
              subi:          3          3          0          0          0          0	NOPs: 3
              xori:          0          0          0          0          0          0	
               sli:          0          0          0          0          0          0	
               sri:          0          0          0          0          0          0	
              srai:          0          0          0          0          0          0	
               ori:          0          0          0          0          0          0	
              andi:          0          0          0          0          0          0	
              addl:          0          0          0          0          0          0	
              subl:          0          0          0          0          0          0	
              xorl:          0          0          0          0          0          0	
               sll:          0          0          0          0          0          0	
               srl:          0          0          0          0          0          0	
              sral:          0          0          0          0          0          0	
               orl:          0          0          0          0          0          0	
              andl:          0          0          0          0          0          0	
              norl:          0          0          0          0          0          0	
            shaddl:          0          0          0          0          0          0	
           shadd2l:          0          0          0          0          0          0	
               add:          0          0          0          0          0          0	
               sub:          0          0          0          0          0          0	
               xor:          0          0          0          0          0          0	
                sl:          0          0          0          0          0          0	
                sr:          0          0          0          0          0          0	
               sra:          0          0          0          0          0          0	
                or:          0          0          0          0          0          0	
               and:          0          0          0          0          0          0	
               nor:          0          0          0          0          0          0	
             shadd:          0          0          0          0          0          0	
            shadd2:          0          0          0          0          0          0	
               mul:          0          0          0          0          0          0	
              mulu:          0          0          0          0          0          0	
             cmpeq:          0          0          0          0          0          0	r0: 0, zero: 0, negimm: 0, short imm: 0, uimm: 0
            cmpneq:          0          0          0          0          0          0	r0: 0, zero: 0, negimm: 0, short imm: 0, uimm: 0
             cmplt:          0          0          0          0          0          0	r0: 0, zero: 0, negimm: 0, short imm: 0, uimm: 0
             cmple:          0          0          0          0          0          0	r0: 0, zero: 0, negimm: 0, short imm: 0, uimm: 0
            cmpult:          0          0          0          0          0          0	r0: 0, zero: 0, negimm: 0, short imm: 0, uimm: 0
            cmpule:          0          0          0          0          0          0	r0: 0, zero: 0, negimm: 0, short imm: 0, uimm: 0
             btest:          0          0          0          0          0          0	r0: 0, zero: 0, negimm: 0, short imm: 0, uimm: 0
            cmpieq:          0          0          0          0          0          0	r0: 0, zero: 0, negimm: 0, short imm: 0, uimm: 0
           cmpineq:          0          0          0          0          0          0	r0: 0, zero: 0, negimm: 0, short imm: 0, uimm: 0
            cmpilt:          0          0          0          0          0          0	r0: 0, zero: 0, negimm: 0, short imm: 0, uimm: 0
            cmpile:          0          0          0          0          0          0	r0: 0, zero: 0, negimm: 0, short imm: 0, uimm: 0
           cmpiult:          0          0          0          0          0          0	r0: 0, zero: 0, negimm: 0, short imm: 0, uimm: 0
           cmpiule:          0          0          0          0          0          0	r0: 0, zero: 0, negimm: 0, short imm: 0, uimm: 0
            btesti:          0          0          0          0          0          0	r0: 0, zero: 0, negimm: 0, short imm: 0, uimm: 0
               por:          0          0          0          0          0          0	
              pand:          0          0          0          0          0          0	
              pxor:          0          0          0          0          0          0	
             bcopy:          0          0          0          0          0          0	
               mts:          0          0          0          0          0          0	
               mfs:          0          0          0          0          0          0	s0: 0, s1: 0, s2: 0, s3: 0, s4: 0, s5: 0, s6: 0, s7: 0
               lws:          0          0          0          0          0          0	imm5: 0, inplace imm5: 0, zero: 0
               lwl:          0          0          0          0          0          0	imm5: 0, inplace imm5: 0, zero: 0
               lwc:          0          0          0          0          0          0	imm5: 0, inplace imm5: 0, zero: 0
               lwm:          0          0          0          0          0          0	imm5: 0, inplace imm5: 0, zero: 0
               lhs:          0          0          0          0          0          0	imm5: 0, inplace imm5: 0, zero: 0
               lhl:          0          0          0          0          0          0	imm5: 0, inplace imm5: 0, zero: 0
               lhc:          0          0          0          0          0          0	imm5: 0, inplace imm5: 0, zero: 0
               lhm:          0          0          0          0          0          0	imm5: 0, inplace imm5: 0, zero: 0
               lbs:          0          0          0          0          0          0	imm5: 0, inplace imm5: 0, zero: 0
               lbl:          0          0          0          0          0          0	imm5: 0, inplace imm5: 0, zero: 0
               lbc:          0          0          0          0          0          0	imm5: 0, inplace imm5: 0, zero: 0
               lbm:          0          0          0          0          0          0	imm5: 0, inplace imm5: 0, zero: 0
              lhus:          0          0          0          0          0          0	imm5: 0, inplace imm5: 0, zero: 0
              lhul:          0          0          0          0          0          0	imm5: 0, inplace imm5: 0, zero: 0
              lhuc:          0          0          0          0          0          0	imm5: 0, inplace imm5: 0, zero: 0
              lhum:          0          0          0          0          0          0	imm5: 0, inplace imm5: 0, zero: 0
              lbus:          0          0          0          0          0          0	imm5: 0, inplace imm5: 0, zero: 0
              lbul:          0          0          0          0          0          0	imm5: 0, inplace imm5: 0, zero: 0
              lbuc:          0          0          0          0          0          0	imm5: 0, inplace imm5: 0, zero: 0
              lbum:          0          0          0          0          0          0	imm5: 0, inplace imm5: 0, zero: 0
               sws:          0          0          0          0          0          0	imm5: 0, zero: 0
               swl:          0          0          0          0          0          0	imm5: 0, zero: 0
               swc:          0          0          0          0          0          0	imm5: 0, zero: 0
               swm:          0          0          0          0          0          0	imm5: 0, zero: 0
               shs:          0          0          0          0          0          0	imm5: 0, zero: 0
               shl:          0          0          0          0          0          0	imm5: 0, zero: 0
               shc:          0          0          0          0          0          0	imm5: 0, zero: 0
               shm:          0          0          0          0          0          0	imm5: 0, zero: 0
               sbs:          0          0          0          0          0          0	imm5: 0, zero: 0
               sbl:          0          0          0          0          0          0	imm5: 0, zero: 0
               sbc:          0          0          0          0          0          0	imm5: 0, zero: 0
               sbm:          0          0          0          0          0          0	imm5: 0, zero: 0
              sres:          0          0          0          0          0          0	imm8: 0
              sens:          0          0          0          0          0          0	imm8: 0
             sfree:          0          0          0          0          0          0	imm8: 0
            sspill:          0          0          0          0          0          0	imm8: 0
             sensr:          0          0          0          0          0          0	
           sspillr:          0          0          0          0          0          0	
            callnd:          0          0          0          0          0          0	
              brnd:          0          0          0          0          0          0	imm8 jump: 0
            brcfnd:          0          0          0          0          0          0	imm8 jump: 0
              trap:          0          0          0          0          0          0	
              call:          0          0          0          0          0          0	
                br:          0          0          0          0          0          0	imm8 jump: 0
              brcf:          1          1          0          0          0          0	imm8 jump: 1
             retnd:          0          0          0          0          0          0	
               ret:          0          0          0          0          0          0	
            xretnd:          0          0          0          0          0          0	
              xret:          0          0          0          0          0          0	
           callrnd:          0          0          0          0          0          0	
             brrnd:          0          0          0          0          0          0	
             callr:          0          0          0          0          0          0	
               brr:          0          0          0          0          0          0	
           brcfrnd:          0          0          0          0          0          0	
             brcfr:          0          0          0          0          0          0	
               all:          5          5          0          1          1          0
           bubbles:          -          3          -          -         15          -

Stall Cycles:
   IF: 0
   DR: 0
   EX: 0
   MW: 0

Cycles per Instruction (w/  NOPs):   1.6000
Cycles per Operation   (w/  NOPs):   1.3333
Cycles per Instruction (w/o NOPs):   4.0000
Cycles per Operation   (w/o NOPs):   2.6667

                   total     % cycles
Cycles:                8
Instructions:          2       25.00%
NOPs:                  3       37.50%
Stalls:                0        0.00%

                   total        % ops
Operations:            3       50.00%
NOPs:                  3       50.00%
Bundled:               1       16.67%
Discarded:             0        0.00%

                                  slot 0      slot 1
Slot utilization (w/ NOPs):      100.00%      20.00%

Instruction Cache Statistics:
                              total
   I-SPM calls/returns :          0

                              total        max.
   Blocks Allocated    :          0           0
   Bytes Transferred   :          0           0
   Bytes Allocated     :          0  4294967292
   Bytes Used          :          0
   Block Utilization   :       -nan%
   Int. Fragmentation  :       -nan%
   Bytes Freed         :          0           0
   Ext. Fragmentation  :       -nan%
   Max Methods in Cache:          1
   Cache Hits          :          0        -nan%
   Cache Misses        :          0        -nan%
   Cache Misses Returns:          0        -nan%
   Evictions Capacity  :          0        -nan%
   Evictions Tag       :          0        -nan%
   Transfer Ratio      :       -nan
   Miss Stall Cycles   :          0        0.00%

       Method:        #hits     #misses  methodsize      blocks    min-util    max-util


Data Cache Statistics:
   Bytes Transferred   :          0
   Transfer Ratio      :      0.000
   Miss Stall Cycles   :          0        0.00%

                           total        hit      miss    miss-rate     reuse
   Reads            :          0          0          0          0%
   Bytes Read       :          0          0          0          -       -nan
   Writes           :          0          0          0          0%
   Bytes Written    :          0          0          0          -       -nan


Stack Cache Statistics:
                              total        max.
   Blocks Spilled      :          0           0
   Blocks Filled       :          0           0
   Blocks Reserved     :          0           0
   Bytes Transferred   :          0           0
   Reads               :          0
   Bytes Read          :          0
   Writes              :          0
   Bytes Written       :          0
   Emptying Frees      :          0
   Transfer Ratio      :       -nan
   Miss Stall Cycles   :          0        0.00%


Main Memory Statistics:
                                total  % of cycles
   Max Queue Size        :          0
   Consecutive Transfers :          0
   Requests              :          0
   Bursts transferred    :          0
   Bytes transferred     :          0
   Stall Cycles          :          0       0.00%
   Hidden Write Cycles   :          0       0.00%

                                 Read                  Write
   Requests              :          0                      0
   Bytes Requested       :          0       -nan%          0       -nan%
   Bytes Transferred     :          0       -nan%          0       -nan%

Request size    #requests


Profiling information:

 Function
  #calls       min         max           avg      cycles (abs)  cycles (rel)
  0x4
                                                             8     100.0000%
     1           8           8           8.0                 8     100.0000%


Pasim options:
   --maxc=40000 --cpuid=0 --cores=1 --freq=80 --interrupt=1
   --mmbase=4026531840 --mmhigh=4294967295 --cpuinfo_offset=0 --excunit_offset=65536 --timer_offset=131072 --perfcounters_offset=393216 --uart_offset=524288 --led_offset=589824 --ethmac_offset=851968 --ethmac_ip_addr=
   --gsize=2097152 --gtime=21 --tdelay=0 --trefresh=0 --bsize=16 --psize=0 --posted=0
   --nocbase=3758096384 --noc_route_offset=16777216 --noc_st_offset=33554432 --noc_spm_offset=134217728 --nocsize=16777216
   --lsize=2048 --dckind=dm --dcsize=2048 --dlsize=0 --sckind=block --scsize=2048
   --icache=mcache --ickind=lru2 --ilsize=0 --mckind=fifo --mcsize=4096 --mbsize=8 --mcmethods=16

<end of output>
Test time =   0.00 sec
----------------------------------------------------------
Test Pass Reason:
Required regular expression found.Regex=[r1 : 00000005   r2 : 00000005
]
"sim-test-02" end time: Apr 25 03:18 CEST
"sim-test-02" time elapsed: 00:00:00
----------------------------------------------------------

51/96 Testing: sim-test-03
51/96 Test: sim-test-03
Command: "/home/cake/t-crest/patmos/simulator/build/src/pasim" "-V" "--maxc" "40000" "-o" "-" "/home/cake/t-crest/patmos/simulator/build/tests/test03.bin"
Directory: /home/cake/t-crest/patmos/simulator/build/tests
"sim-test-03" start time: Apr 25 03:18 CEST
Output:
----------------------------------------------------------
Loaded: 36 bytes

Cyc : 9
 PRR: 00000001  BASE: 00000004   PC : 00000024   
 r0 : 00000000   r1 : 00a00000   r2 : 00000000   r3 : 00000000   r4 : 00000000   r5 : 00000000   r6 : 00000000   r7 : 00000000
 r8 : 00000000   r9 : 00000000   r10: 00000000   r11: 00000000   r12: 00000000   r13: 00000000   r14: 00000000   r15: 00000000
 r16: 00000000   r17: 00000000   r18: 00000000   r19: 00000000   r20: 00000000   r21: 00000000   r22: 00000000   r23: 00000000
 r24: 00000000   r25: 00000000   r26: 00000000   r27: 00000000   r28: 00000000   r29: 00000000   r30: 00000000   r31: 00000000
 
 s0 : 00000001   s1 : 00000000   s2 : 00000000   s3 : 00000000   s4 : 00000000   s5 : 00000000   s6 : 00000000   s7 : 00000000
 s8 : 00000000   s9 : 00000000   s10: 00000000   s11: 00000000   s12: 00000000   s13: 00000000   s14: 00000000   s15: 00000000
 


Instruction Statistics:
         operation:   #fetched   #retired #discarded   #fetched   #retired #discarded
              addi:          0          0          0          0          0          0	
              subi:          3          3          0          0          0          0	NOPs: 3
              xori:          0          0          0          0          0          0	
               sli:          0          0          0          0          0          0	
               sri:          0          0          0          0          0          0	
              srai:          0          0          0          0          0          0	
               ori:          0          0          0          0          0          0	
              andi:          0          0          0          0          0          0	
              addl:          2          2          0          0          0          0	
              subl:          0          0          0          0          0          0	
              xorl:          0          0          0          0          0          0	
               sll:          0          0          0          0          0          0	
               srl:          0          0          0          0          0          0	
              sral:          0          0          0          0          0          0	
               orl:          0          0          0          0          0          0	
              andl:          0          0          0          0          0          0	
              norl:          0          0          0          0          0          0	
            shaddl:          0          0          0          0          0          0	
           shadd2l:          0          0          0          0          0          0	
               add:          0          0          0          0          0          0	
               sub:          0          0          0          0          0          0	
               xor:          0          0          0          0          0          0	
                sl:          0          0          0          0          0          0	
                sr:          0          0          0          0          0          0	
               sra:          0          0          0          0          0          0	
                or:          0          0          0          0          0          0	
               and:          0          0          0          0          0          0	
               nor:          0          0          0          0          0          0	
             shadd:          0          0          0          0          0          0	
            shadd2:          0          0          0          0          0          0	
               mul:          0          0          0          0          0          0	
              mulu:          0          0          0          0          0          0	
             cmpeq:          0          0          0          0          0          0	r0: 0, zero: 0, negimm: 0, short imm: 0, uimm: 0
            cmpneq:          0          0          0          0          0          0	r0: 0, zero: 0, negimm: 0, short imm: 0, uimm: 0
             cmplt:          0          0          0          0          0          0	r0: 0, zero: 0, negimm: 0, short imm: 0, uimm: 0
             cmple:          0          0          0          0          0          0	r0: 0, zero: 0, negimm: 0, short imm: 0, uimm: 0
            cmpult:          0          0          0          0          0          0	r0: 0, zero: 0, negimm: 0, short imm: 0, uimm: 0
            cmpule:          0          0          0          0          0          0	r0: 0, zero: 0, negimm: 0, short imm: 0, uimm: 0
             btest:          0          0          0          0          0          0	r0: 0, zero: 0, negimm: 0, short imm: 0, uimm: 0
            cmpieq:          0          0          0          0          0          0	r0: 0, zero: 0, negimm: 0, short imm: 0, uimm: 0
           cmpineq:          0          0          0          0          0          0	r0: 0, zero: 0, negimm: 0, short imm: 0, uimm: 0
            cmpilt:          0          0          0          0          0          0	r0: 0, zero: 0, negimm: 0, short imm: 0, uimm: 0
            cmpile:          0          0          0          0          0          0	r0: 0, zero: 0, negimm: 0, short imm: 0, uimm: 0
           cmpiult:          0          0          0          0          0          0	r0: 0, zero: 0, negimm: 0, short imm: 0, uimm: 0
           cmpiule:          0          0          0          0          0          0	r0: 0, zero: 0, negimm: 0, short imm: 0, uimm: 0
            btesti:          0          0          0          0          0          0	r0: 0, zero: 0, negimm: 0, short imm: 0, uimm: 0
               por:          0          0          0          0          0          0	
              pand:          0          0          0          0          0          0	
              pxor:          0          0          0          0          0          0	
             bcopy:          0          0          0          0          0          0	
               mts:          0          0          0          0          0          0	
               mfs:          0          0          0          0          0          0	s0: 0, s1: 0, s2: 0, s3: 0, s4: 0, s5: 0, s6: 0, s7: 0
               lws:          0          0          0          0          0          0	imm5: 0, inplace imm5: 0, zero: 0
               lwl:          0          0          0          0          0          0	imm5: 0, inplace imm5: 0, zero: 0
               lwc:          0          0          0          0          0          0	imm5: 0, inplace imm5: 0, zero: 0
               lwm:          0          0          0          0          0          0	imm5: 0, inplace imm5: 0, zero: 0
               lhs:          0          0          0          0          0          0	imm5: 0, inplace imm5: 0, zero: 0
               lhl:          0          0          0          0          0          0	imm5: 0, inplace imm5: 0, zero: 0
               lhc:          0          0          0          0          0          0	imm5: 0, inplace imm5: 0, zero: 0
               lhm:          0          0          0          0          0          0	imm5: 0, inplace imm5: 0, zero: 0
               lbs:          0          0          0          0          0          0	imm5: 0, inplace imm5: 0, zero: 0
               lbl:          0          0          0          0          0          0	imm5: 0, inplace imm5: 0, zero: 0
               lbc:          0          0          0          0          0          0	imm5: 0, inplace imm5: 0, zero: 0
               lbm:          0          0          0          0          0          0	imm5: 0, inplace imm5: 0, zero: 0
              lhus:          0          0          0          0          0          0	imm5: 0, inplace imm5: 0, zero: 0
              lhul:          0          0          0          0          0          0	imm5: 0, inplace imm5: 0, zero: 0
              lhuc:          0          0          0          0          0          0	imm5: 0, inplace imm5: 0, zero: 0
              lhum:          0          0          0          0          0          0	imm5: 0, inplace imm5: 0, zero: 0
              lbus:          0          0          0          0          0          0	imm5: 0, inplace imm5: 0, zero: 0
              lbul:          0          0          0          0          0          0	imm5: 0, inplace imm5: 0, zero: 0
              lbuc:          0          0          0          0          0          0	imm5: 0, inplace imm5: 0, zero: 0
              lbum:          0          0          0          0          0          0	imm5: 0, inplace imm5: 0, zero: 0
               sws:          0          0          0          0          0          0	imm5: 0, zero: 0
               swl:          0          0          0          0          0          0	imm5: 0, zero: 0
[...]
   Bytes Transferred   :         72          40
   Reads               :          1
   Bytes Read          :          4
   Writes              :          9
   Bytes Written       :         36
   Emptying Frees      :          1
   Transfer Ratio      :      1.800
   Miss Stall Cycles   :        126       72.83%
   Align trans. (spill):          2           2
   Align trans. (fill) :          0           0
   Align trans. (free) :          4           4


Main Memory Statistics:
                                total  % of cycles
   Max Queue Size        :          1
   Consecutive Transfers :          0
   Requests              :          3
   Bursts transferred    :          6
   Bytes transferred     :         96
   Stall Cycles          :        126      72.83%
   Hidden Write Cycles   :          0       0.00%

                                 Read                  Write
   Requests              :          2                      1
   Bytes Requested       :         48      50.00%         48      50.00%
   Bytes Transferred     :         48      50.00%         48      50.00%

Request size    #requests
          16 :            1
          32 :            1
          48 :            1


Profiling information:

 Function
  #calls       min         max           avg      cycles (abs)  cycles (rel)
  0x4
                                                           173     100.0000%
     1         173         173         173.0               173     100.0000%


Pasim options:
   --maxc=40000 --cpuid=0 --cores=1 --freq=80 --interrupt=1
   --mmbase=4026531840 --mmhigh=4294967295 --cpuinfo_offset=0 --excunit_offset=65536 --timer_offset=131072 --perfcounters_offset=393216 --uart_offset=524288 --led_offset=589824 --ethmac_offset=851968 --ethmac_ip_addr=
   --gsize=2097152 --gtime=21 --tdelay=0 --trefresh=0 --bsize=16 --psize=0 --posted=0
   --nocbase=3758096384 --noc_route_offset=16777216 --noc_st_offset=33554432 --noc_spm_offset=134217728 --nocsize=16777216
   --lsize=2048 --dckind=dm --dcsize=2048 --dlsize=0 --sckind=ablock --scsize=2048
   --icache=mcache --ickind=lru2 --ilsize=0 --mckind=fifo --mcsize=4096 --mbsize=8 --mcmethods=16

<end of output>
Test time =   0.01 sec
----------------------------------------------------------
Test Pass Reason:
Required regular expression found.Regex=[Align .*spill.*:          2           2
   Align .*fill.*:          0           0
   Align .*free.*:          4           4
]
"sim-test-50" end time: Apr 25 03:18 CEST
"sim-test-50" time elapsed: 00:00:00
----------------------------------------------------------

96/96 Testing: sim-test-51
96/96 Test: sim-test-51
Command: "/home/cake/t-crest/patmos/simulator/build/src/pasim" "-V" "--maxc" "40000" "-o" "-" "/home/cake/t-crest/patmos/simulator/build/tests/test51.bin"
Directory: /home/cake/t-crest/patmos/simulator/build/tests
"sim-test-51" start time: Apr 25 03:18 CEST
Output:
----------------------------------------------------------
Loaded: 72 bytes

Cyc : 35
 PRR: 00000001  BASE: 00000004   PC : 00000044   
 r0 : 00000000   r1 : 00400000   r2 : 003ffffb   r3 : 00000005   r4 : 00000000   r5 : 00000000   r6 : 00000000   r7 : 00000000
 r8 : 00000000   r9 : 00000000   r10: 00000000   r11: 00000000   r12: 00000000   r13: 00000000   r14: 00000000   r15: 00000000
 r16: 00000000   r17: 00000000   r18: 00000000   r19: 00000000   r20: 00000000   r21: 00000000   r22: 00000000   r23: 00000000
 r24: 00000000   r25: 00000000   r26: 00000000   r27: 00000000   r28: 00000000   r29: 00000000   r30: 00000000   r31: 00000000
 
 s0 : 00000001   s1 : 00000000   s2 : 00000000   s3 : 00000000   s4 : 00000000   s5 : 00000000   s6 : 00000000   s7 : 00000000
 s8 : 00000000   s9 : 00000000   s10: 00000000   s11: 00000000   s12: 00000000   s13: 00000000   s14: 00000000   s15: 00000000
 


Instruction Statistics:
         operation:   #fetched   #retired #discarded   #fetched   #retired #discarded
              addi:          0          0          0          0          0          0	
              subi:          3          3          0          0          0          0	NOPs: 3
              xori:          0          0          0          0          0          0	
               sli:          0          0          0          0          0          0	
               sri:          0          0          0          0          0          0	
              srai:          0          0          0          0          0          0	
               ori:          0          0          0          0          0          0	
              andi:          0          0          0          0          0          0	
              addl:          3          2          1          0          0          0	Inplace Imm4: 1, Load Imm4: 1, Inplace Imm5: 0, Load Imm5: 0, Short Load Imm: 0, Zero Imm: 0, Short Imm: 1
              subl:          2          1          1          0          0          0	Inplace Imm4: 0, Load Imm4: 0, Inplace Imm5: 0, Load Imm5: 0, Short Load Imm: 0, Zero Imm: 0, Short Imm: 2
              xorl:          0          0          0          0          0          0	
               sll:          0          0          0          0          0          0	
               srl:          0          0          0          0          0          0	
              sral:          0          0          0          0          0          0	
               orl:          0          0          0          0          0          0	
              andl:          0          0          0          0          0          0	
              norl:          0          0          0          0          0          0	
            shaddl:          0          0          0          0          0          0	
           shadd2l:          0          0          0          0          0          0	
               add:          0          0          0          0          0          0	
               sub:          0          0          0          0          0          0	
               xor:          0          0          0          0          0          0	
                sl:          0          0          0          0          0          0	
                sr:          0          0          0          0          0          0	
               sra:          0          0          0          0          0          0	
                or:          0          0          0          0          0          0	
               and:          0          0          0          0          0          0	
               nor:          0          0          0          0          0          0	
             shadd:          0          0          0          0          0          0	
            shadd2:          0          0          0          0          0          0	
               mul:          0          0          0          0          0          0	
              mulu:          0          0          0          0          0          0	
             cmpeq:          0          0          0          0          0          0	r0: 0, zero: 0, negimm: 0, short imm: 0, uimm: 0
            cmpneq:          0          0          0          0          0          0	r0: 0, zero: 0, negimm: 0, short imm: 0, uimm: 0
             cmplt:          0          0          0          0          0          0	r0: 0, zero: 0, negimm: 0, short imm: 0, uimm: 0
             cmple:          0          0          0          0          0          0	r0: 0, zero: 0, negimm: 0, short imm: 0, uimm: 0
            cmpult:          0          0          0          0          0          0	r0: 0, zero: 0, negimm: 0, short imm: 0, uimm: 0
            cmpule:          0          0          0          0          0          0	r0: 0, zero: 0, negimm: 0, short imm: 0, uimm: 0
             btest:          0          0          0          0          0          0	r0: 0, zero: 0, negimm: 0, short imm: 0, uimm: 0
            cmpieq:          0          0          0          0          0          0	r0: 0, zero: 0, negimm: 0, short imm: 0, uimm: 0
           cmpineq:          0          0          0          0          0          0	r0: 0, zero: 0, negimm: 0, short imm: 0, uimm: 0
            cmpilt:          0          0          0          0          0          0	r0: 0, zero: 0, negimm: 0, short imm: 0, uimm: 0
            cmpile:          0          0          0          0          0          0	r0: 0, zero: 0, negimm: 0, short imm: 0, uimm: 0
           cmpiult:          0          0          0          0          0          0	r0: 0, zero: 0, negimm: 0, short imm: 0, uimm: 0
           cmpiule:          0          0          0          0          0          0	r0: 0, zero: 0, negimm: 0, short imm: 0, uimm: 0
            btesti:          0          0          0          0          0          0	r0: 0, zero: 0, negimm: 0, short imm: 0, uimm: 0
               por:          0          0          0          0          0          0	
              pand:          0          0          0          0          0          0	
              pxor:          0          0          0          0          0          0	
             bcopy:          0          0          0          0          0          0	
               mts:          0          0          0          0          0          0	
               mfs:          0          0          0          0          0          0	s0: 0, s1: 0, s2: 0, s3: 0, s4: 0, s5: 0, s6: 0, s7: 0
               lws:          0          0          0          0          0          0	imm5: 0, inplace imm5: 0, zero: 0
               lwl:          0          0          0          0          0          0	imm5: 0, inplace imm5: 0, zero: 0
               lwc:          2          1          1          0          0          0	imm5: 1, inplace imm5: 0, zero: 0
               lwm:          0          0          0          0          0          0	imm5: 0, inplace imm5: 0, zero: 0
               lhs:          0          0          0          0          0          0	imm5: 0, inplace imm5: 0, zero: 0
               lhl:          0          0          0          0          0          0	imm5: 0, inplace imm5: 0, zero: 0
               lhc:          0          0          0          0          0          0	imm5: 0, inplace imm5: 0, zero: 0
               lhm:          0          0          0          0          0          0	imm5: 0, inplace imm5: 0, zero: 0
               lbs:          0          0          0          0          0          0	imm5: 0, inplace imm5: 0, zero: 0
               lbl:          0          0          0          0          0          0	imm5: 0, inplace imm5: 0, zero: 0
               lbc:          0          0          0          0          0          0	imm5: 0, inplace imm5: 0, zero: 0
               lbm:          0          0          0          0          0          0	imm5: 0, inplace imm5: 0, zero: 0
              lhus:          0          0          0          0          0          0	imm5: 0, inplace imm5: 0, zero: 0
              lhul:          0          0          0          0          0          0	imm5: 0, inplace imm5: 0, zero: 0
              lhuc:          0          0          0          0          0          0	imm5: 0, inplace imm5: 0, zero: 0
              lhum:          0          0          0          0          0          0	imm5: 0, inplace imm5: 0, zero: 0
              lbus:          0          0          0          0          0          0	imm5: 0, inplace imm5: 0, zero: 0
              lbul:          0          0          0          0          0          0	imm5: 0, inplace imm5: 0, zero: 0
              lbuc:          0          0          0          0          0          0	imm5: 0, inplace imm5: 0, zero: 0
              lbum:          0          0          0          0          0          0	imm5: 0, inplace imm5: 0, zero: 0
               sws:          0          0          0          0          0          0	imm5: 0, zero: 0
               swl:          0          0          0          0          0          0	imm5: 0, zero: 0
               swc:          0          0          0          0          0          0	imm5: 0, zero: 0
               swm:          0          0          0          0          0          0	imm5: 0, zero: 0
               shs:          0          0          0          0          0          0	imm5: 0, zero: 0
               shl:          0          0          0          0          0          0	imm5: 0, zero: 0
               shc:          0          0          0          0          0          0	imm5: 0, zero: 0
               shm:          0          0          0          0          0          0	imm5: 0, zero: 0
               sbs:          0          0          0          0          0          0	imm5: 0, zero: 0
               sbl:          0          0          0          0          0          0	imm5: 0, zero: 0
               sbc:          0          0          0          0          0          0	imm5: 0, zero: 0
               sbm:          0          0          0          0          0          0	imm5: 0, zero: 0
              sres:          0          0          0          0          0          0	imm8: 0
              sens:          0          0          0          0          0          0	imm8: 0
             sfree:          0          0          0          0          0          0	imm8: 0
            sspill:          0          0          0          0          0          0	imm8: 0
             sensr:          0          0          0          0          0          0	
           sspillr:          0          0          0          0          0          0	
            callnd:          0          0          0          0          0          0	
              brnd:          0          0          0          0          0          0	imm8 jump: 0
            brcfnd:          0          0          0          0          0          0	imm8 jump: 0
              trap:          0          0          0          0          0          0	
              call:          0          0          0          0          0          0	
                br:          0          0          0          0          0          0	imm8 jump: 0
              brcf:          1          1          0          0          0          0	imm8 jump: 1
             retnd:          0          0          0          0          0          0	
               ret:          0          0          0          0          0          0	
            xretnd:          0          0          0          0          0          0	
              xret:          0          0          0          0          0          0	
           callrnd:          0          0          0          0          0          0	
             brrnd:          0          0          0          0          0          0	
             callr:          0          0          0          0          0          0	
               brr:          0          0          0          0          0          0	
           brcfrnd:          0          0          0          0          0          0	
             brcfr:          0          0          0          0          0          0	
               all:         11          8          3          0          0          0
           bubbles:          -          3          -          -         28          -

Stall Cycles:
   IF: 0
   DR: 0
   EX: 0
   MW: 21

Cycles per Instruction (w/  NOPs):   3.1818
Cycles per Operation   (w/  NOPs):   3.1818
Cycles per Instruction (w/o NOPs):   4.3750
Cycles per Operation   (w/o NOPs):   4.3750

                   total     % cycles
Cycles:               35
Instructions:          8       22.86%
NOPs:                  3        8.57%
Stalls:               21       60.00%

                   total        % ops
Operations:            8       72.73%
NOPs:                  3       27.27%
Bundled:               0        0.00%
Discarded:             3       27.27%

                                  slot 0      slot 1
Slot utilization (w/ NOPs):      100.00%       0.00%

Instruction Cache Statistics:
                              total
   I-SPM calls/returns :          0

                              total        max.
   Blocks Allocated    :          0           0
   Bytes Transferred   :          0           0
   Bytes Allocated     :          0  4294967292
   Bytes Used          :          0
   Block Utilization   :       -nan%
   Int. Fragmentation  :       -nan%
   Bytes Freed         :          0           0
   Ext. Fragmentation  :       -nan%
   Max Methods in Cache:          1
   Cache Hits          :          0        -nan%
   Cache Misses        :          0        -nan%
   Cache Misses Returns:          0        -nan%
   Evictions Capacity  :          0        -nan%
   Evictions Tag       :          0        -nan%
   Transfer Ratio      :       -nan
   Miss Stall Cycles   :          0        0.00%

       Method:        #hits     #misses  methodsize      blocks    min-util    max-util


Data Cache Statistics:
   Bytes Transferred   :         16
   Transfer Ratio      :      4.000
   Miss Stall Cycles   :         21       60.00%

                           total        hit      miss    miss-rate     reuse
   Reads            :          1          0          1        100%
   Bytes Read       :          4          0          4          -       0.25
   Writes           :          0          0          0          0%
   Bytes Written    :          0          0          0          -       -nan


Stack Cache Statistics:
                              total        max.
   Blocks Spilled      :          0           0
   Blocks Filled       :          0           0
   Blocks Reserved     :          0           0
   Bytes Transferred   :          0           0
   Reads               :          0
   Bytes Read          :          0
   Writes              :          0
   Bytes Written       :          0
   Emptying Frees      :          0
   Transfer Ratio      :       -nan
   Miss Stall Cycles   :          0        0.00%


Main Memory Statistics:
                                total  % of cycles
   Max Queue Size        :          1
   Consecutive Transfers :          0
   Requests              :          1
   Bursts transferred    :          1
   Bytes transferred     :         16
   Stall Cycles          :         21      60.00%
   Hidden Write Cycles   :          0       0.00%

                                 Read                  Write
   Requests              :          1                      0
   Bytes Requested       :         16     100.00%          0       0.00%
   Bytes Transferred     :         16     100.00%          0       0.00%

Request size    #requests
          16 :            1


Profiling information:

 Function
  #calls       min         max           avg      cycles (abs)  cycles (rel)
  0x4
                                                            35     100.0000%
     1          35          35          35.0                35     100.0000%


Pasim options:
   --maxc=40000 --cpuid=0 --cores=1 --freq=80 --interrupt=1
   --mmbase=4026531840 --mmhigh=4294967295 --cpuinfo_offset=0 --excunit_offset=65536 --timer_offset=131072 --perfcounters_offset=393216 --uart_offset=524288 --led_offset=589824 --ethmac_offset=851968 --ethmac_ip_addr=
   --gsize=2097152 --gtime=21 --tdelay=0 --trefresh=0 --bsize=16 --psize=0 --posted=0
   --nocbase=3758096384 --noc_route_offset=16777216 --noc_st_offset=33554432 --noc_spm_offset=134217728 --nocsize=16777216
   --lsize=2048 --dckind=dm --dcsize=2048 --dlsize=0 --sckind=block --scsize=2048
   --icache=mcache --ickind=lru2 --ilsize=0 --mckind=fifo --mcsize=4096 --mbsize=8 --mcmethods=16

<end of output>
Test time =   0.00 sec
----------------------------------------------------------
Test Pass Reason:
Required regular expression found.Regex=[r1 : 00400000   r2 : 003ffffb   r3 : 00000005
]
"sim-test-51" end time: Apr 25 03:18 CEST
"sim-test-51" time elapsed: 00:00:00
----------------------------------------------------------

End testing: Apr 25 03:18 CEST
